<?xml version="1.0" encoding="UTF-8"?>
<!-- Generated by org.testng.reporters.JUnitReportReporter -->
<testsuite skipped="0" hostname="A0773L" name="Sample.Testproject.Fileupload" tests="1" failures="0" timestamp="30 Jan 2020 04:35:47 GMT" time="16.044" errors="0">
  <testcase name="file" time="16.044" classname="Sample.Testproject.Fileupload"/>
</testsuite> <!-- Sample.Testproject.Fileupload -->
