<?xml version="1.0" encoding="UTF-8"?>
<!-- Generated by org.testng.reporters.JUnitReportReporter -->
<testsuite skipped="0" hostname="A0773L" name="Sample.Testproject.Program" tests="1" failures="0" timestamp="29 Jan 2020 10:26:36 GMT" time="17.388" errors="0">
  <testcase name="display" time="17.388" classname="Sample.Testproject.Program"/>
</testsuite> <!-- Sample.Testproject.Program -->
