<?xml version="1.0" encoding="UTF-8"?>
<!-- Generated by org.testng.reporters.JUnitReportReporter -->
<testsuite skipped="0" hostname="A0773L" name="Sample.Testproject.Checkbox" tests="1" failures="0" timestamp="30 Jan 2020 04:33:15 GMT" time="12.285" errors="0">
  <testcase name="checkbox" time="12.285" classname="Sample.Testproject.Checkbox"/>
</testsuite> <!-- Sample.Testproject.Checkbox -->
