<?xml version="1.0" encoding="UTF-8"?>
<!-- Generated by org.testng.reporters.JUnitReportReporter -->
<testsuite skipped="0" hostname="A0773L" name="Practice.Jenkins.ExcelReadData" tests="1" failures="0" timestamp="28 Jan 2020 09:30:37 GMT" time="18.095" errors="0">
  <testcase name="tc" time="18.095" classname="Practice.Jenkins.ExcelReadData"/>
</testsuite> <!-- Practice.Jenkins.ExcelReadData -->
