<?xml version="1.0" encoding="UTF-8"?>
<!-- Generated by org.testng.reporters.JUnitReportReporter -->
<testsuite skipped="0" hostname="A0773L" name="Practice.Jenkins.Dropdown" tests="1" failures="0" timestamp="28 Jan 2020 09:15:19 GMT" time="50.423" errors="0">
  <testcase name="actions" time="50.423" classname="Practice.Jenkins.Dropdown"/>
</testsuite> <!-- Practice.Jenkins.Dropdown -->
